<?xml version="1.0" encoding="UTF-8"?>
<!-- Generated by org.testng.reporters.JUnitReportReporter -->
<testsuite hostname="DESKTOP-HERP98R" failures="0" tests="1" name="scripts.Concordination" time="4.929" errors="0" timestamp="2024-03-07T13:21:38 IST" skipped="0">
  <testcase classname="scripts.Concordination" name="Finalcomparison" time="4.929"/>
  <system-out/>
</testsuite> <!-- scripts.Concordination -->
