<?xml version="1.0" encoding="UTF-8"?>
<!-- Generated by org.testng.reporters.JUnitReportReporter -->
<testsuite hostname="DESKTOP-HERP98R" failures="0" tests="1" name="scripts.Excelwriting" time="0.209" errors="0" timestamp="2024-02-26T19:18:01 IST" skipped="0">
  <testcase classname="scripts.Excelwriting" name="Writetoexcel" time="0.209"/>
  <system-out/>
</testsuite> <!-- scripts.Excelwriting -->
