<?xml version="1.0" encoding="UTF-8"?>
<!-- Generated by org.testng.reporters.JUnitReportReporter -->
<testsuite hostname="DESKTOP-HERP98R" failures="0" tests="1" name="scripts.FilloWithSelenium" time="0.000" errors="0" timestamp="2024-03-02T01:37:14 IST" skipped="1">
  <testcase classname="scripts.FilloWithSelenium" name="testUsingSelenium" time="0.000">
    <skipped/>
  </testcase> <!-- testUsingSelenium -->
  <system-out/>
</testsuite> <!-- scripts.FilloWithSelenium -->
