<?xml version="1.0" encoding="UTF-8"?>
<!-- Generated by org.testng.reporters.JUnitReportReporter -->
<testsuite hostname="DESKTOP-UOE8LFL" failures="0" tests="1" name="commonMethods.Testcases" time="61.651" errors="0" timestamp="2024-06-01T13:43:18 IST" skipped="0">
  <testcase classname="commonMethods.Testcases" name="TC_Proforma_Service_Creation_PC01" time="61.651"/>
  <system-out>
    <![CDATA[STEP1
STEP2
STEP3
STEP4
STEP5
STEP6
STEP7
STEP8
STEP9
STEP10
STEP11
STEP12
STEP13
STEP14
STEP15
STEP16
STEP17
STEP18
STEP19
STEP20
STEP21
STEP22
STEP23
STEP24
STEP25
STEP26
STEP27
STEP28
STEP29
STEP30
STEP31
STEP32
STEP33
STEP34
STEP35
STEP36
STEP37
STEP38
STEP39
STEP40
STEP41
STEP42
STEP43
STEP44
STEP45
STEP46
STEP47
STEP48
STEP49
STEP50
STEP51
STEP52
STEP53
STEP54
STEP55
STEP56
STEP57
STEP58
STEP59
STEP60
STEP61
STEP62
STEP63
STEP64
STEP65
STEP66
STEP67
STEP68
STEP69
STEP70
STEP71
STEP72
STEP73
STEP74
STEP75
STEP76
STEP77
STEP78
STEP79
STEP80
STEP81
STEP82
STEP83
STEP84
STEP85
STEP86
STEP87
STEP88
STEP89
STEP90
STEP91
STEP92
STEP93
STEP94
STEP95
STEP96
STEP97
STEP98
STEP99
STEP100
STEP101]]>
  </system-out>
</testsuite> <!-- commonMethods.Testcases -->
