<?xml version="1.0" encoding="UTF-8"?>
<!-- Generated by org.testng.reporters.JUnitReportReporter -->
<testsuite hostname="DESKTOP-HERP98R" failures="0" tests="1" name="scripts.Fillonewcomparison" time="26.417" errors="0" timestamp="2024-03-12T15:51:53 IST" skipped="0">
  <testcase classname="scripts.Fillonewcomparison" name="Comparison" time="26.417"/>
  <system-out/>
</testsuite> <!-- scripts.Fillonewcomparison -->
